[2026-03-24 22:00:16] [IP: ::1] Admin giriş başarısız: admin2024!
[2026-03-24 22:00:22] [IP: ::1] Admin giriş başarısız: admin2024!
[2026-03-24 22:01:29] [IP: ::1] Admin giriş başarılı: admin
[2026-03-24 22:03:03] [IP: ::1] Admin çıkış: admin
[2026-03-24 22:42:53] [IP: ::1] Admin giriş başarılı: admin
[2026-03-24 22:54:26] [IP: ::1] Admin çıkış: admin
[2026-03-24 23:21:48] [IP: ::1] Admin giriş başarısız: admin
[2026-03-24 23:21:53] [IP: ::1] Admin giriş başarısız: admin
[2026-03-24 23:22:11] [IP: ::1] Admin giriş başarısız: admin
[2026-03-24 23:23:25] [IP: ::1] Admin giriş başarısız: admin
[2026-03-24 23:23:54] [IP: ::1] Admin giriş başarısız: admin
[2026-03-24 23:39:07] [IP: ::1] Admin giriş başarısız: admin
[2026-03-24 23:39:12] [IP: ::1] Admin giriş başarısız: admin
[2026-03-24 23:40:27] [IP: ::1] Admin giriş başarısız: admin
[2026-03-24 23:40:40] [IP: ::1] Admin giriş başarısız: admin
[2026-03-24 23:40:46] [IP: ::1] Admin giriş başarısız: admin
[2026-03-24 23:55:46] [IP: ::1] Admin giriş başarısız: admin
[2026-03-24 23:56:01] [IP: ::1] Admin giriş başarısız: admin
[2026-03-24 23:56:09] [IP: ::1] Admin giriş başarısız: admin
[2026-03-25 09:36:08] [IP: ::1] Admin giriş başarısız: admin
[2026-03-25 09:36:17] [IP: ::1] Admin giriş başarısız: admin
[2026-03-25 09:40:55] [IP: ::1] Admin giriş başarılı: hasan
[2026-03-25 09:48:56] [IP: ::1] Kullanıcı güncellendi: hasan
[2026-03-25 09:49:16] [IP: ::1] Kullanıcı güncellendi: admin
[2026-03-25 09:49:26] [IP: ::1] Admin çıkış: hasan
[2026-03-25 09:49:33] [IP: ::1] Admin giriş başarılı: admin
[2026-03-25 11:04:34] [IP: ::1] Admin çıkış: admin
[2026-03-25 11:04:38] [IP: ::1] Admin giriş başarılı: admin
[2026-03-25 12:05:47] [IP: ::1] Admin çıkış: admin
[2026-03-25 12:05:50] [IP: ::1] Admin giriş başarılı: admin
[2026-03-25 13:34:32] [IP: ::1] Admin çıkış: admin
[2026-03-25 13:34:34] [IP: ::1] Admin giriş başarılı: admin
[2026-03-25 15:10:58] [IP: ::1] Admin çıkış: admin
[2026-03-25 15:11:00] [IP: ::1] Admin giriş başarılı: admin
[2026-03-29 17:41:31] [IP: ::1] Admin giriş başarılı: admin
[2026-03-29 17:52:52] [IP: ::1] Admin çıkış: admin
[2026-03-29 17:52:56] [IP: ::1] Admin giriş başarılı: admin
[2026-03-29 18:01:31] [IP: ::1] Admin çıkış: admin
[2026-03-29 18:01:33] [IP: ::1] Admin giriş başarılı: admin
[2026-03-29 18:45:45] [IP: ::1] Yeni kullanıcı eklendi: test
[2026-03-29 19:02:03] [IP: ::1] Admin giriş başarılı: admin
[2026-03-30 09:43:32] [IP: ::1] Admin giriş başarılı: admin
[2026-03-31 16:10:07] [IP: ::1] Admin giriş başarılı: admin
[2026-03-31 19:39:52] [IP: ::1] Admin çıkış: admin
[2026-03-31 19:49:59] [IP: ::1] Admin giriş başarılı: admin
[2026-03-31 20:05:17] [IP: ::1] Admin çıkış: admin
